<?xml version="1.0" encoding="UTF-8"?>
<Site BuildName="(empty)"
	BuildStamp="20230707-0529-Experimental"
	Name="icetea0113"
	Generator="ctest-3.16.3"
	CompilerName="/usr/bin/c++"
	CompilerVersion="9.4.0"
	OSName="Linux"
	Hostname="icetea0113"
	OSRelease="5.4.0-153-generic"
	OSVersion="#170-Ubuntu SMP Fri Jun 16 13:46:00 UTC 2023"
	OSPlatform="aarch64"
	Is64Bits="1"
	VendorString=""
	VendorID="Unknown Manufacturer"
	FamilyID="8"
	ModelID="0"
	ProcessorCacheSize="0"
	NumberOfLogicalCPU="4"
	NumberOfPhysicalCPU="1"
	TotalVirtualMemory="2047"
	TotalPhysicalMemory="7937"
	LogicalProcessorsPerPhysical="4"
	ProcessorClockFrequency="0"
	>
	<Testing>
		<StartDateTime>Jul 07 14:29 KST</StartDateTime>
		<StartTestTime>1688707771</StartTestTime>
		<TestList/>
		<EndDateTime>Jul 07 14:29 KST</EndDateTime>
		<EndTestTime>1688707771</EndTestTime>
		<ElapsedMinutes>0</ElapsedMinutes>
	</Testing>
</Site>
